Compiling the CXX compiler identification source file "CMakeCXXCompilerId.cpp" failed.
Compiler: /Applications/Xcode.app/Contents/Developer/Toolchains/XcodeDefault.xctoolchain/usr/bin/clang++ 
Build flags: -DQT_QML_DEBUG
Id flags:  

The output was:
1
ld: library not found for -lc++
clang: error: linker command failed with exit code 1 (use -v to see invocation)


Compiling the C compiler identification source file "CMakeCCompilerId.c" failed.
Compiler: /Applications/Xcode.app/Contents/Developer/Toolchains/XcodeDefault.xctoolchain/usr/bin/clang 
Build flags: 
Id flags:  

The output was:
1
ld: library not found for -lSystem
clang: error: linker command failed with exit code 1 (use -v to see invocation)


Determining if the function shm_open exists in the rt failed with the following output:
Change Dir: /Users/jsueprez/workspace/CppStory/HackerRank/build/CMakeFiles/CMakeTmp

Run Build Command(s):/usr/bin/make -f Makefile cmTC_e04f7/fast && /Applications/Xcode.app/Contents/Developer/usr/bin/make  -f CMakeFiles/cmTC_e04f7.dir/build.make CMakeFiles/cmTC_e04f7.dir/build
Building CXX object CMakeFiles/cmTC_e04f7.dir/CheckFunctionExists.cxx.o
/Applications/Xcode.app/Contents/Developer/Toolchains/XcodeDefault.xctoolchain/usr/bin/clang++   -DQT_QML_DEBUG -DCHECK_FUNCTION_EXISTS=shm_open -arch arm64 -isysroot /Applications/Xcode.app/Contents/Developer/Platforms/MacOSX.platform/Developer/SDKs/MacOSX12.3.sdk -MD -MT CMakeFiles/cmTC_e04f7.dir/CheckFunctionExists.cxx.o -MF CMakeFiles/cmTC_e04f7.dir/CheckFunctionExists.cxx.o.d -o CMakeFiles/cmTC_e04f7.dir/CheckFunctionExists.cxx.o -c /Users/jsueprez/workspace/CppStory/HackerRank/build/CMakeFiles/CheckLibraryExists/CheckFunctionExists.cxx
Linking CXX executable cmTC_e04f7
/usr/local/bin/cmake -E cmake_link_script CMakeFiles/cmTC_e04f7.dir/link.txt --verbose=1
/Applications/Xcode.app/Contents/Developer/Toolchains/XcodeDefault.xctoolchain/usr/bin/clang++ -DQT_QML_DEBUG -DCHECK_FUNCTION_EXISTS=shm_open -arch arm64 -isysroot /Applications/Xcode.app/Contents/Developer/Platforms/MacOSX.platform/Developer/SDKs/MacOSX12.3.sdk -Wl,-search_paths_first -Wl,-headerpad_max_install_names CMakeFiles/cmTC_e04f7.dir/CheckFunctionExists.cxx.o -o cmTC_e04f7  -lrt 
ld: library not found for -lrt
clang: error: linker command failed with exit code 1 (use -v to see invocation)
make[1]: *** [cmTC_e04f7] Error 1
make: *** [cmTC_e04f7/fast] Error 2



Performing C++ SOURCE FILE Test HAVE_CXX_FLAG_WD654 failed with the following output:
Change Dir: /Users/jsueprez/workspace/CppStory/HackerRank/build/CMakeFiles/CMakeTmp

Run Build Command(s):/usr/bin/make -f Makefile cmTC_1de34/fast && /Applications/Xcode.app/Contents/Developer/usr/bin/make  -f CMakeFiles/cmTC_1de34.dir/build.make CMakeFiles/cmTC_1de34.dir/build
Building CXX object CMakeFiles/cmTC_1de34.dir/src.cxx.o
/Applications/Xcode.app/Contents/Developer/Toolchains/XcodeDefault.xctoolchain/usr/bin/clang++ -DHAVE_CXX_FLAG_WD654  -DQT_QML_DEBUG  -Wall  -Wextra  -Wshadow  -Wfloat-equal  -Wsuggest-override  -pedantic  -pedantic-errors  -Wshorten-64-to-32  -fstrict-aliasing  -Wno-deprecated-declarations  -fno-exceptions  -Wstrict-aliasing  -wd654 -arch arm64 -isysroot /Applications/Xcode.app/Contents/Developer/Platforms/MacOSX.platform/Developer/SDKs/MacOSX12.3.sdk   -wd654 -MD -MT CMakeFiles/cmTC_1de34.dir/src.cxx.o -MF CMakeFiles/cmTC_1de34.dir/src.cxx.o.d -o CMakeFiles/cmTC_1de34.dir/src.cxx.o -c /Users/jsueprez/workspace/CppStory/HackerRank/build/CMakeFiles/CMakeTmp/src.cxx
clang: error: unknown argument: '-wd654'
clang: error: unknown argument: '-wd654'
make[1]: *** [CMakeFiles/cmTC_1de34.dir/src.cxx.o] Error 1
make: *** [cmTC_1de34/fast] Error 2


Source file was:
int main() { return 0; }
